2026-04-18 16:57:42 DEBUG:busco.run_BUSCO	Command line: /sw/arch/eb/software/BUSCO/5.8.2-gfbf-2024a/bin/busco -i /home/fynn/genome_project/data/genome_assembly/pilon/pilon.fasta -o /home/fynn/genome_project/analysis/04_assembly_evaluation/busco/
2026-04-18 16:57:42 INFO:busco.run_BUSCO	***** Start a BUSCO v5.8.2 analysis, current time: 04/18/2026 16:57:42 *****
2026-04-18 16:57:42 DEBUG:busco.ConfigManager	Getting config file
2026-04-18 16:57:42 INFO:busco.ConfigManager	Configuring BUSCO with /sw/arch/eb/software/BUSCO/5.8.2-gfbf-2024a/config/config.ini
2026-04-18 16:57:42 WARNING:busco.BuscoConfig	Running Auto Lineage Selector as no lineage dataset was specified. This will take a little longer than normal. If you know what lineage dataset you want to use, please specify this in the config file or using the -l (--lineage-dataset) flag in the command line.
2026-04-18 16:57:42 ERROR:busco.BuscoRunner	The parameter "mode (--mode)" was not provided. Please add it in the config file or provide it through the command line
2026-04-18 16:57:42 DEBUG:busco.BuscoRunner	The parameter "mode (--mode)" was not provided. Please add it in the config file or provide it through the command line
Traceback (most recent call last):
  File "/sw/arch/eb/software/Python/3.12.3-GCCcore-13.3.0/lib/python3.12/configparser.py", line 767, in get
    value = d[option]
            ~^^^^^^^^
  File "/sw/arch/eb/software/Python/3.12.3-GCCcore-13.3.0/lib/python3.12/collections/__init__.py", line 1015, in __getitem__
    return self.__missing__(key)            # support subclasses that define __missing__
           ^^^^^^^^^^^^^^^^^^^^^
  File "/sw/arch/eb/software/Python/3.12.3-GCCcore-13.3.0/lib/python3.12/collections/__init__.py", line 1007, in __missing__
    raise KeyError(key)
KeyError: 'mode'

During handling of the above exception, another exception occurred:

Traceback (most recent call last):
  File "/sw/arch/eb/software/BUSCO/5.8.2-gfbf-2024a/lib/python3.12/site-packages/busco/BuscoConfig.py", line 743, in _check_mandatory_keys_exist
    value = self.get("busco_run", param)
            ^^^^^^^^^^^^^^^^^^^^^^^^^^^^
  File "/sw/arch/eb/software/Python/3.12.3-GCCcore-13.3.0/lib/python3.12/configparser.py", line 770, in get
    raise NoOptionError(option, section)
configparser.NoOptionError: No option 'mode' in section: 'busco_run'

During handling of the above exception, another exception occurred:

Traceback (most recent call last):
  File "/sw/arch/eb/software/BUSCO/5.8.2-gfbf-2024a/lib/python3.12/site-packages/busco/run_BUSCO.py", line 68, in run
    self.load_config()
  File "/sw/arch/eb/software/BUSCO/5.8.2-gfbf-2024a/lib/python3.12/site-packages/busco/run_BUSCO.py", line 60, in load_config
    self.config_manager.load_busco_config_main()
  File "/sw/arch/eb/software/BUSCO/5.8.2-gfbf-2024a/lib/python3.12/site-packages/busco/BuscoLogger.py", line 62, in wrapped_func
    self.retval = func(*args, **kwargs)
                  ^^^^^^^^^^^^^^^^^^^^^
  File "/sw/arch/eb/software/BUSCO/5.8.2-gfbf-2024a/lib/python3.12/site-packages/busco/ConfigManager.py", line 61, in load_busco_config_main
    self.config_main.validate()
  File "/sw/arch/eb/software/BUSCO/5.8.2-gfbf-2024a/lib/python3.12/site-packages/busco/BuscoConfig.py", line 654, in validate
    self._check_mandatory_keys_exist()
  File "/sw/arch/eb/software/BUSCO/5.8.2-gfbf-2024a/lib/python3.12/site-packages/busco/BuscoLogger.py", line 58, in wrapped_func
    self.retval = func(*args, **kwargs)
                  ^^^^^^^^^^^^^^^^^^^^^
  File "/sw/arch/eb/software/BUSCO/5.8.2-gfbf-2024a/lib/python3.12/site-packages/busco/BuscoConfig.py", line 796, in _check_mandatory_keys_exist
    raise BatchFatalError(
busco.Exceptions.BatchFatalError: The parameter "mode (--mode)" was not provided. Please add it in the config file or provide it through the command line
2026-04-18 16:57:42 ERROR:busco.BuscoRunner	BUSCO analysis failed!
2026-04-18 16:57:42 ERROR:busco.BuscoRunner	Check the logs, read the user guide (https://busco.ezlab.org/busco_userguide.html), and check the BUSCO issue board on https://gitlab.com/ezlab/busco/issues

